{"name": "test_01_comp_query[param0]", "status": "broken", "statusDetails": {"message": "selenium.common.exceptions.NoSuchWindowException: Message: no such window: target window already closed\nfrom unknown error: web view not found\n  (Session info: chrome=110.0.5481.178)\nStacktrace:\nBacktrace:\n\t(No symbol) [0x00B337D3]\n\t(No symbol) [0x00AC8B81]\n\t(No symbol) [0x009CB36D]\n\t(No symbol) [0x009AE5DA]\n\t(No symbol) [0x00A1F0CB]\n\t(No symbol) [0x00A30A56]\n\t(No symbol) [0x00A1B216]\n\t(No symbol) [0x009F0D97]\n\t(No symbol) [0x009F253D]\n\tGetHandleVerifier [0x00DAABF2+2510930]\n\tGetHandleVerifier [0x00DD8EC1+2700065]\n\tGetHandleVerifier [0x00DDC86C+2714828]\n\tGetHandleVerifier [0x00BE3480+645344]\n\t(No symbol) [0x00AD0FD2]\n\t(No symbol) [0x00AD6C68]\n\t(No symbol) [0x00AD6D4B]\n\t(No symbol) [0x00AE0D6B]\n\tBaseThreadInitThunk [0x779400F9+25]\n\tRtlGetAppContainerNamedObjectPath [0x77C47BBE+286]\n\tRtlGetAppContainerNamedObjectPath [0x77C47B8E+238]", "trace": "self = <class 'tcases.sup.test_sup_query.TestSupQuery'>\n\n    def setup_class(self):\n        self.plogin: Plogin = Plogin()\n        self.pcompQuery: SupQuery = SupQuery()\n>       self.plogin.open_url(pconst.const_url)\n\ntcases\\sup\\test_sup_query.py:20: \n_ _ _ _ _ _ _ _ _ _ _ _ _ _ _ _ _ _ _ _ _ _ _ _ _ _ _ _ _ _ _ _ _ _ _ _ _ _ _ _ _ _ _ _ _ _ _ _ _ _ _ _ _ _ _ _ _ _ _ _ _ _ _ _ _ _ _ _ _ _ _ _ _ _ _ _ _ _ _ _ _ _ _ _ _ _ _ _ _ _ _ _\npages\\login\\p_login.py:31: in open_url\n    self.driver.open(url)\ncommon\\driver.py:36: in open\n    self.driver.get(page_url)\nD:\\python\\lib\\site-packages\\selenium\\webdriver\\remote\\webdriver.py:447: in get\n    self.execute(Command.GET, {'url': url})\nD:\\python\\lib\\site-packages\\selenium\\webdriver\\remote\\webdriver.py:435: in execute\n    self.error_handler.check_response(response)\n_ _ _ _ _ _ _ _ _ _ _ _ _ _ _ _ _ _ _ _ _ _ _ _ _ _ _ _ _ _ _ _ _ _ _ _ _ _ _ _ _ _ _ _ _ _ _ _ _ _ _ _ _ _ _ _ _ _ _ _ _ _ _ _ _ _ _ _ _ _ _ _ _ _ _ _ _ _ _ _ _ _ _ _ _ _ _ _ _ _ _ _\n\nself = <selenium.webdriver.remote.errorhandler.ErrorHandler object at 0x00000192F1C2A380>\nresponse = {'status': 404, 'value': '{\"value\":{\"error\":\"no such window\",\"message\":\"no such window: target window already closed\\\\...\\n\\\\tRtlGetAppContainerNamedObjectPath [0x77C47BBE+286]\\\\n\\\\tRtlGetAppContainerNamedObjectPath [0x77C47B8E+238]\\\\n\"}}'}\n\n    def check_response(self, response: Dict[str, Any]) -> None:\n        \"\"\"\n        Checks that a JSON response from the WebDriver does not have an error.\n    \n        :Args:\n         - response - The JSON response from the WebDriver server as a dictionary\n           object.\n    \n        :Raises: If the response contains an error message.\n        \"\"\"\n        status = response.get('status', None)\n        if not status or status == ErrorCode.SUCCESS:\n            return\n        value = None\n        message = response.get(\"message\", \"\")\n        screen: str = response.get(\"screen\", \"\")\n        stacktrace = None\n        if isinstance(status, int):\n            value_json = response.get('value', None)\n            if value_json and isinstance(value_json, str):\n                import json\n                try:\n                    value = json.loads(value_json)\n                    if len(value.keys()) == 1:\n                        value = value['value']\n                    status = value.get('error', None)\n                    if not status:\n                        status = value.get(\"status\", ErrorCode.UNKNOWN_ERROR)\n                        message = value.get(\"value\") or value.get(\"message\")\n                        if not isinstance(message, str):\n                            value = message\n                            message = message.get('message')\n                    else:\n                        message = value.get('message', None)\n                except ValueError:\n                    pass\n    \n        exception_class: Type[WebDriverException]\n        if status in ErrorCode.NO_SUCH_ELEMENT:\n            exception_class = NoSuchElementException\n        elif status in ErrorCode.NO_SUCH_FRAME:\n            exception_class = NoSuchFrameException\n        elif status in ErrorCode.NO_SUCH_SHADOW_ROOT:\n            exception_class = NoSuchShadowRootException\n        elif status in ErrorCode.NO_SUCH_WINDOW:\n            exception_class = NoSuchWindowException\n        elif status in ErrorCode.STALE_ELEMENT_REFERENCE:\n            exception_class = StaleElementReferenceException\n        elif status in ErrorCode.ELEMENT_NOT_VISIBLE:\n            exception_class = ElementNotVisibleException\n        elif status in ErrorCode.INVALID_ELEMENT_STATE:\n            exception_class = InvalidElementStateException\n        elif status in ErrorCode.INVALID_SELECTOR \\\n                or status in ErrorCode.INVALID_XPATH_SELECTOR \\\n                or status in ErrorCode.INVALID_XPATH_SELECTOR_RETURN_TYPER:\n            exception_class = InvalidSelectorException\n        elif status in ErrorCode.ELEMENT_IS_NOT_SELECTABLE:\n            exception_class = ElementNotSelectableException\n        elif status in ErrorCode.ELEMENT_NOT_INTERACTABLE:\n            exception_class = ElementNotInteractableException\n        elif status in ErrorCode.INVALID_COOKIE_DOMAIN:\n            exception_class = InvalidCookieDomainException\n        elif status in ErrorCode.UNABLE_TO_SET_COOKIE:\n            exception_class = UnableToSetCookieException\n        elif status in ErrorCode.TIMEOUT:\n            exception_class = TimeoutException\n        elif status in ErrorCode.SCRIPT_TIMEOUT:\n            exception_class = TimeoutException\n        elif status in ErrorCode.UNKNOWN_ERROR:\n            exception_class = WebDriverException\n        elif status in ErrorCode.UNEXPECTED_ALERT_OPEN:\n            exception_class = UnexpectedAlertPresentException\n        elif status in ErrorCode.NO_ALERT_OPEN:\n            exception_class = NoAlertPresentException\n        elif status in ErrorCode.IME_NOT_AVAILABLE:\n            exception_class = ImeNotAvailableException\n        elif status in ErrorCode.IME_ENGINE_ACTIVATION_FAILED:\n            exception_class = ImeActivationFailedException\n        elif status in ErrorCode.MOVE_TARGET_OUT_OF_BOUNDS:\n            exception_class = MoveTargetOutOfBoundsException\n        elif status in ErrorCode.JAVASCRIPT_ERROR:\n            exception_class = JavascriptException\n        elif status in ErrorCode.SESSION_NOT_CREATED:\n            exception_class = SessionNotCreatedException\n        elif status in ErrorCode.INVALID_ARGUMENT:\n            exception_class = InvalidArgumentException\n        elif status in ErrorCode.NO_SUCH_COOKIE:\n            exception_class = NoSuchCookieException\n        elif status in ErrorCode.UNABLE_TO_CAPTURE_SCREEN:\n            exception_class = ScreenshotException\n        elif status in ErrorCode.ELEMENT_CLICK_INTERCEPTED:\n            exception_class = ElementClickInterceptedException\n        elif status in ErrorCode.INSECURE_CERTIFICATE:\n            exception_class = InsecureCertificateException\n        elif status in ErrorCode.INVALID_COORDINATES:\n            exception_class = InvalidCoordinatesException\n        elif status in ErrorCode.INVALID_SESSION_ID:\n            exception_class = InvalidSessionIdException\n        elif status in ErrorCode.UNKNOWN_METHOD:\n            exception_class = UnknownMethodException\n        else:\n            exception_class = WebDriverException\n        if not value:\n            value = response['value']\n        if isinstance(value, str):\n            raise exception_class(value)\n        if message == \"\" and 'message' in value:\n            message = value['message']\n    \n        screen = None  # type: ignore[assignment]\n        if 'screen' in value:\n            screen = value['screen']\n    \n        stacktrace = None\n        st_value = value.get('stackTrace') or value.get('stacktrace')\n        if st_value:\n            if isinstance(st_value, str):\n                stacktrace = st_value.split('\\n')\n            else:\n                stacktrace = []\n                try:\n                    for frame in st_value:\n                        line = self._value_or_default(frame, 'lineNumber', '')\n                        file = self._value_or_default(frame, 'fileName', '<anonymous>')\n                        if line:\n                            file = f\"{file}:{line}\"\n                        meth = self._value_or_default(frame, 'methodName', '<anonymous>')\n                        if 'className' in frame:\n                            meth = \"{}.{}\".format(frame['className'], meth)\n                        msg = \"    at %s (%s)\"\n                        msg = msg % (meth, file)\n                        stacktrace.append(msg)\n                except TypeError:\n                    pass\n        if exception_class == UnexpectedAlertPresentException:\n            alert_text = None\n            if 'data' in value:\n                alert_text = value['data'].get('text')\n            elif 'alert' in value:\n                alert_text = value['alert'].get('text')\n            raise exception_class(message, screen, stacktrace, alert_text)  # type: ignore[call-arg]  # mypy is not smart enough here\n>       raise exception_class(message, screen, stacktrace)\nE       selenium.common.exceptions.NoSuchWindowException: Message: no such window: target window already closed\nE       from unknown error: web view not found\nE         (Session info: chrome=110.0.5481.178)\nE       Stacktrace:\nE       Backtrace:\nE       \t(No symbol) [0x00B337D3]\nE       \t(No symbol) [0x00AC8B81]\nE       \t(No symbol) [0x009CB36D]\nE       \t(No symbol) [0x009AE5DA]\nE       \t(No symbol) [0x00A1F0CB]\nE       \t(No symbol) [0x00A30A56]\nE       \t(No symbol) [0x00A1B216]\nE       \t(No symbol) [0x009F0D97]\nE       \t(No symbol) [0x009F253D]\nE       \tGetHandleVerifier [0x00DAABF2+2510930]\nE       \tGetHandleVerifier [0x00DD8EC1+2700065]\nE       \tGetHandleVerifier [0x00DDC86C+2714828]\nE       \tGetHandleVerifier [0x00BE3480+645344]\nE       \t(No symbol) [0x00AD0FD2]\nE       \t(No symbol) [0x00AD6C68]\nE       \t(No symbol) [0x00AD6D4B]\nE       \t(No symbol) [0x00AE0D6B]\nE       \tBaseThreadInitThunk [0x779400F9+25]\nE       \tRtlGetAppContainerNamedObjectPath [0x77C47BBE+286]\nE       \tRtlGetAppContainerNamedObjectPath [0x77C47B8E+238]\n\nD:\\python\\lib\\site-packages\\selenium\\webdriver\\remote\\errorhandler.py:247: NoSuchWindowException"}, "parameters": [{"name": "param", "value": "{'name': 1321321224, 'code': 5555223244, 'contacts': 123123, 'phone': 18700894367}"}], "start": 1677632662810, "stop": 1677632662810, "uuid": "2cdab9e3-ca68-4de4-9fcc-8e2d8bfd8af5", "historyId": "7119d851a33f9c590502ea922acc32bf", "testCaseId": "cebddafaf2b7f25e6ee7b3e50bfc0c46", "fullName": "tcases.sup.test_sup_query.TestSupQuery#test_01_comp_query", "labels": [{"name": "parentSuite", "value": "tcases.sup"}, {"name": "suite", "value": "test_sup_query"}, {"name": "subSuite", "value": "TestSupQuery"}, {"name": "host", "value": "sh-szkj-qiaojl"}, {"name": "thread", "value": "63668-MainThread"}, {"name": "framework", "value": "pytest"}, {"name": "language", "value": "cpython3"}, {"name": "package", "value": "tcases.sup.test_sup_query"}]}