{"name": "test_01_comp_del", "status": "failed", "statusDetails": {"message": "AssertionError: assert <selenium.webdriver.remote.webelement.WebElement (session=\"fa9e475badde912deff9ebdeaf9663aa\", element=\"263905e4-aad9-44cd-b9e7-553c010118dd\")> is None", "trace": "self = <tcases.sup.test_sup_zdel.TestSupDel object at 0x000001E39FFAB2B0>\n\n    def test_01_comp_del(self):\n        self.pcompDel.click_del()\n        success_text = self.pcompDel.get_success_text()\n>       assert success_text is None\nE       assert <selenium.webdriver.remote.webelement.WebElement (session=\"fa9e475badde912deff9ebdeaf9663aa\", element=\"263905e4-aad9-44cd-b9e7-553c010118dd\")> is None\n\ntcases\\sup\\test_sup_zdel.py:32: AssertionError"}, "start": 1677720828149, "stop": 1677720833450, "uuid": "25b38088-d7aa-40b1-98cb-b754e68d861a", "historyId": "55038a0cdca3812abb6e4cbf59a4f62a", "testCaseId": "9bdad1a3a92cb6e57ef85952477caefb", "fullName": "tcases.sup.test_sup_zdel.TestSupDel#test_01_comp_del", "labels": [{"name": "parentSuite", "value": "tcases.sup"}, {"name": "suite", "value": "test_sup_zdel"}, {"name": "subSuite", "value": "TestSupDel"}, {"name": "host", "value": "sh-szkj-qiaojl"}, {"name": "thread", "value": "74552-MainThread"}, {"name": "framework", "value": "pytest"}, {"name": "language", "value": "cpython3"}, {"name": "package", "value": "tcases.sup.test_sup_zdel"}]}